<?xml version="1.0" encoding="UTF-8"?>
<testsuite errors="0" failures="0" name="helloworld_tests.HelloWorldTest-20160113192842" tests="1" time="0.006">
	<testcase classname="helloworld_tests.HelloWorldTest" name="test_should_issue_hello_world_message" time="0.006"/>
	<system-out>
<![CDATA[]]>	</system-out>
	<system-err>
<![CDATA[]]>	</system-err>
</testsuite>
